This file contains any messages produced by compilers while
running configure, to aid debugging if configure makes a mistake.

It was created by configure, which was
generated by GNU Autoconf 2.67.  Invocation command line was

  $ ./configure --with-odbc --enable-mt

## --------- ##
## Platform. ##
## --------- ##

hostname = quicklog.cs.wisc.edu
uname -m = x86_64
uname -r = 2.6.32-431.3.1.el6.x86_64
uname -s = Linux
uname -v = #1 SMP Fri Dec 13 06:58:20 EST 2013

/usr/bin/uname -p = unknown
/bin/uname -X     = unknown

/bin/arch              = x86_64
/usr/bin/arch -k       = unknown
/usr/convex/getsysinfo = unknown
/usr/bin/hostinfo      = unknown
/bin/machine           = unknown
/usr/bin/oslevel       = unknown
/bin/universe          = unknown

PATH: /s/std/bin
PATH: /s/std/bin
PATH: /usr/lib64/qt-3.3/bin
PATH: /usr/local/bin
PATH: /usr/bin
PATH: /bin
PATH: /usr/local/sbin
PATH: /usr/sbin
PATH: /sbin
PATH: /usr/afsws/bin
PATH: /opt/SUNWspro/bin
PATH: /usr/ccs/bin
PATH: /usr/ucb
PATH: /bin
PATH: /usr/bin
PATH: /usr/X11R6/bin
PATH: /s/handin/bin
PATH: /unsup/llvm-3.1/bin
PATH: .
PATH: /scratch/quicklog/software/XSB/bin/
PATH: /usr/afsws/bin
PATH: /opt/SUNWspro/bin
PATH: /usr/ccs/bin
PATH: /usr/ucb
PATH: /bin
PATH: /usr/bin
PATH: /usr/X11R6/bin
PATH: /s/handin/bin
PATH: /unsup/llvm-3.1/bin
PATH: .
PATH: /afs/cs.wisc.edu/u/j/i/jianqiao/Desktop/code/XSB/bin


## ----------- ##
## Core tests. ##
## ----------- ##

configure:3204: checking build system type
configure:3218: result: x86_64-unknown-linux-gnu
configure:3238: checking host system type
configure:3251: result: x86_64-unknown-linux-gnu
configure:3289: checking host system type... x86_64-unknown-linux-gnu
configure:3388: checking /afs/cs.wisc.edu/u/j/i/jianqiao/Desktop/code/XSB/lib
configure:3390: result: OK
configure:3395: checking /afs/cs.wisc.edu/u/j/i/jianqiao/Desktop/code/XSB/syslib
configure:3397: result: OK
configure:3402: checking /afs/cs.wisc.edu/u/j/i/jianqiao/Desktop/code/XSB/cmplib
configure:3404: result: OK
configure:3415: checking /afs/cs.wisc.edu/u/j/i/jianqiao/Desktop/code/XSB/bin
configure:3417: result: OK
configure:3422: checking /afs/cs.wisc.edu/u/j/i/jianqiao/Desktop/code/XSB/config/x86_64-unknown-linux-gnu-mt/bin
configure:3424: result: OK
configure:3429: checking /afs/cs.wisc.edu/u/j/i/jianqiao/Desktop/code/XSB/config/x86_64-unknown-linux-gnu-mt/lib
configure:3431: result: OK
configure:3436: checking /afs/cs.wisc.edu/u/j/i/jianqiao/Desktop/code/XSB/config/x86_64-unknown-linux-gnu-mt/saved.o
configure:3438: result: OK
configure:3443: checking /afs/cs.wisc.edu/u/j/i/jianqiao/Desktop/code/XSB/site/lib
configure:3445: result: OK
configure:3450: checking /afs/cs.wisc.edu/u/j/i/jianqiao/Desktop/code/XSB/site/config/x86_64-unknown-linux-gnu/lib
configure:3452: result: OK
configure:3457: checking /afs/cs.wisc.edu/u/j/i/jianqiao/Desktop/code/XSB/emu
configure:3459: result: OK
configure:3464: checking /afs/cs.wisc.edu/u/j/i/jianqiao/Desktop/code/XSB/lib
configure:3466: result: OK
configure:3471: checking /afs/cs.wisc.edu/u/j/i/jianqiao/Desktop/code/XSB/syslib
configure:3473: result: OK
configure:3478: checking /afs/cs.wisc.edu/u/j/i/jianqiao/Desktop/code/XSB/cmplib
configure:3480: result: OK
configure:3485: checking /afs/cs.wisc.edu/u/j/i/jianqiao/Desktop/code/XSB/bin
configure:3487: result: OK
configure:3492: checking /afs/cs.wisc.edu/u/j/i/jianqiao/Desktop/code/XSB/build
configure:3494: result: OK
configure:3499: checking /afs/cs.wisc.edu/u/j/i/jianqiao/Desktop/code/XSB/config/x86_64-unknown-linux-gnu-mt/bin
configure:3501: result: OK
configure:3506: checking /afs/cs.wisc.edu/u/j/i/jianqiao/Desktop/code/XSB/config/x86_64-unknown-linux-gnu-mt/lib
configure:3508: result: OK
configure:3513: checking /afs/cs.wisc.edu/u/j/i/jianqiao/Desktop/code/XSB/config/x86_64-unknown-linux-gnu-mt/saved.o
configure:3515: result: OK
configure:3520: checking /afs/cs.wisc.edu/u/j/i/jianqiao/Desktop/code/XSB/etc
configure:3522: result: OK
configure:3527: checking /afs/cs.wisc.edu/u/j/i/jianqiao/Desktop/code/XSB/packages
configure:3529: result: OK
configure:3534: checking /afs/cs.wisc.edu/u/j/i/jianqiao/Desktop/code/XSB/packages/xmc
configure:3536: result: OK
configure:3541: checking /afs/cs.wisc.edu/u/j/i/jianqiao/Desktop/code/XSB/examples
configure:3543: result: OK
configure:3548: checking /afs/cs.wisc.edu/u/j/i/jianqiao/Desktop/code/XSB/prolog_includes
configure:3550: result: OK
configure:3616: checking for gcc
configure:3632: found /usr/bin/gcc
configure:3643: result: gcc
configure:3872: checking for C compiler version
configure:3881: gcc --version >&5
gcc (GCC) 4.4.7 20120313 (Red Hat 4.4.7-4)
Copyright (C) 2010 Free Software Foundation, Inc.
This is free software; see the source for copying conditions.  There is NO
warranty; not even for MERCHANTABILITY or FITNESS FOR A PARTICULAR PURPOSE.

configure:3892: $? = 0
configure:3881: gcc -v >&5
Using built-in specs.
Target: x86_64-redhat-linux
Configured with: ../configure --prefix=/usr --mandir=/usr/share/man --infodir=/usr/share/info --with-bugurl=http://bugzilla.redhat.com/bugzilla --enable-bootstrap --enable-shared --enable-threads=posix --enable-checking=release --with-system-zlib --enable-__cxa_atexit --disable-libunwind-exceptions --enable-gnu-unique-object --enable-languages=c,c++,objc,obj-c++,java,fortran,ada --enable-java-awt=gtk --disable-dssi --with-java-home=/usr/lib/jvm/java-1.5.0-gcj-1.5.0.0/jre --enable-libgcj-multifile --enable-java-maintainer-mode --with-ecj-jar=/usr/share/java/eclipse-ecj.jar --disable-libjava-multilib --with-ppl --with-cloog --with-tune=generic --with-arch_32=i686 --build=x86_64-redhat-linux
Thread model: posix
gcc version 4.4.7 20120313 (Red Hat 4.4.7-4) (GCC) 
configure:3892: $? = 0
configure:3881: gcc -V >&5
gcc: '-V' option must have argument
configure:3892: $? = 1
configure:3881: gcc -qversion >&5
gcc: unrecognized option '-qversion'
gcc: no input files
configure:3892: $? = 1
configure:3912: checking whether the C compiler works
configure:3934: gcc    conftest.c  >&5
configure:3938: $? = 0
configure:3986: result: yes
configure:3989: checking for C compiler default output file name
configure:3991: result: a.out
configure:3997: checking for suffix of executables
configure:4004: gcc -o conftest    conftest.c  >&5
configure:4008: $? = 0
configure:4030: result: 
configure:4052: checking whether we are cross compiling
configure:4060: gcc -o conftest    conftest.c  >&5
configure:4064: $? = 0
configure:4071: ./conftest
configure:4075: $? = 0
configure:4090: result: no
configure:4095: checking for suffix of object files
configure:4117: gcc -c   conftest.c >&5
configure:4121: $? = 0
configure:4142: result: o
configure:4146: checking whether we are using the GNU C compiler
configure:4165: gcc -c   conftest.c >&5
configure:4165: $? = 0
configure:4174: result: yes
configure:4183: checking whether gcc accepts -g
configure:4203: gcc -c -g  conftest.c >&5
configure:4203: $? = 0
configure:4244: result: yes
configure:4261: checking for gcc option to accept ISO C89
configure:4325: gcc  -c -g -O2  conftest.c >&5
configure:4325: $? = 0
configure:4338: result: none needed
configure:4363: checking how to run the C preprocessor
configure:4394: gcc -E  conftest.c
configure:4394: $? = 0
configure:4408: gcc -E  conftest.c
conftest.c:19:28: error: ac_nonexistent.h: No such file or directory
configure:4408: $? = 1
configure: failed program was:
| /* confdefs.h */
| #define PACKAGE_NAME ""
| #define PACKAGE_TARNAME ""
| #define PACKAGE_VERSION ""
| #define PACKAGE_STRING ""
| #define PACKAGE_BUGREPORT ""
| #define PACKAGE_URL ""
| #define CONFIG_INCLUDED 1
| #define ___ALWAYS_TRUE___ 1
| #define XSB_VERSION "3.4.0 (Soy mILK)"
| #define RELEASE_DATE 2013-05-01
| #define RELEASE_YEAR 2013
| #define RELEASE_MONTH 5
| #define RELEASE_DAY 1
| #define LOCAL_EVAL 1
| #define GC 1
| #define SLG_GC 1
| /* end confdefs.h.  */
| #include <ac_nonexistent.h>
configure:4433: result: gcc -E
configure:4453: gcc -E  conftest.c
configure:4453: $? = 0
configure:4467: gcc -E  conftest.c
conftest.c:19:28: error: ac_nonexistent.h: No such file or directory
configure:4467: $? = 1
configure: failed program was:
| /* confdefs.h */
| #define PACKAGE_NAME ""
| #define PACKAGE_TARNAME ""
| #define PACKAGE_VERSION ""
| #define PACKAGE_STRING ""
| #define PACKAGE_BUGREPORT ""
| #define PACKAGE_URL ""
| #define CONFIG_INCLUDED 1
| #define ___ALWAYS_TRUE___ 1
| #define XSB_VERSION "3.4.0 (Soy mILK)"
| #define RELEASE_DATE 2013-05-01
| #define RELEASE_YEAR 2013
| #define RELEASE_MONTH 5
| #define RELEASE_DAY 1
| #define LOCAL_EVAL 1
| #define GC 1
| #define SLG_GC 1
| /* end confdefs.h.  */
| #include <ac_nonexistent.h>
configure:4509: checking for a BSD-compatible install
configure:4577: result: /usr/bin/install -c
configure:4590: checking for grep that handles long lines and -e
configure:4648: result: /bin/grep
configure:4653: checking for egrep
configure:4715: result: /bin/grep -E
configure:4720: checking for ANSI C header files
configure:4740: gcc -c -g -O2  conftest.c >&5
configure:4740: $? = 0
configure:4813: gcc -o conftest -g -O2   conftest.c  >&5
configure:4813: $? = 0
configure:4813: ./conftest
configure:4813: $? = 0
configure:4824: result: yes
configure:4837: checking for sys/types.h
configure:4837: gcc -c -g -O2  conftest.c >&5
configure:4837: $? = 0
configure:4837: result: yes
configure:4837: checking for sys/stat.h
configure:4837: gcc -c -g -O2  conftest.c >&5
configure:4837: $? = 0
configure:4837: result: yes
configure:4837: checking for stdlib.h
configure:4837: gcc -c -g -O2  conftest.c >&5
configure:4837: $? = 0
configure:4837: result: yes
configure:4837: checking for string.h
configure:4837: gcc -c -g -O2  conftest.c >&5
configure:4837: $? = 0
configure:4837: result: yes
configure:4837: checking for memory.h
configure:4837: gcc -c -g -O2  conftest.c >&5
configure:4837: $? = 0
configure:4837: result: yes
configure:4837: checking for strings.h
configure:4837: gcc -c -g -O2  conftest.c >&5
configure:4837: $? = 0
configure:4837: result: yes
configure:4837: checking for inttypes.h
configure:4837: gcc -c -g -O2  conftest.c >&5
configure:4837: $? = 0
configure:4837: result: yes
configure:4837: checking for stdint.h
configure:4837: gcc -c -g -O2  conftest.c >&5
configure:4837: $? = 0
configure:4837: result: yes
configure:4837: checking for unistd.h
configure:4837: gcc -c -g -O2  conftest.c >&5
configure:4837: $? = 0
configure:4837: result: yes
configure:4850: checking minix/config.h usability
configure:4850: gcc -c -g -O2  conftest.c >&5
conftest.c:62:26: error: minix/config.h: No such file or directory
configure:4850: $? = 1
configure: failed program was:
| /* confdefs.h */
| #define PACKAGE_NAME ""
| #define PACKAGE_TARNAME ""
| #define PACKAGE_VERSION ""
| #define PACKAGE_STRING ""
| #define PACKAGE_BUGREPORT ""
| #define PACKAGE_URL ""
| #define CONFIG_INCLUDED 1
| #define ___ALWAYS_TRUE___ 1
| #define XSB_VERSION "3.4.0 (Soy mILK)"
| #define RELEASE_DATE 2013-05-01
| #define RELEASE_YEAR 2013
| #define RELEASE_MONTH 5
| #define RELEASE_DAY 1
| #define LOCAL_EVAL 1
| #define GC 1
| #define SLG_GC 1
| #define STDC_HEADERS 1
| #define HAVE_SYS_TYPES_H 1
| #define HAVE_SYS_STAT_H 1
| #define HAVE_STDLIB_H 1
| #define HAVE_STRING_H 1
| #define HAVE_MEMORY_H 1
| #define HAVE_STRINGS_H 1
| #define HAVE_INTTYPES_H 1
| #define HAVE_STDINT_H 1
| #define HAVE_UNISTD_H 1
| /* end confdefs.h.  */
| #include <stdio.h>
| #ifdef HAVE_SYS_TYPES_H
| # include <sys/types.h>
| #endif
| #ifdef HAVE_SYS_STAT_H
| # include <sys/stat.h>
| #endif
| #ifdef STDC_HEADERS
| # include <stdlib.h>
| # include <stddef.h>
| #else
| # ifdef HAVE_STDLIB_H
| #  include <stdlib.h>
| # endif
| #endif
| #ifdef HAVE_STRING_H
| # if !defined STDC_HEADERS && defined HAVE_MEMORY_H
| #  include <memory.h>
| # endif
| # include <string.h>
| #endif
| #ifdef HAVE_STRINGS_H
| # include <strings.h>
| #endif
| #ifdef HAVE_INTTYPES_H
| # include <inttypes.h>
| #endif
| #ifdef HAVE_STDINT_H
| # include <stdint.h>
| #endif
| #ifdef HAVE_UNISTD_H
| # include <unistd.h>
| #endif
| #include <minix/config.h>
configure:4850: result: no
configure:4850: checking minix/config.h presence
configure:4850: gcc -E  conftest.c
conftest.c:29:26: error: minix/config.h: No such file or directory
configure:4850: $? = 1
configure: failed program was:
| /* confdefs.h */
| #define PACKAGE_NAME ""
| #define PACKAGE_TARNAME ""
| #define PACKAGE_VERSION ""
| #define PACKAGE_STRING ""
| #define PACKAGE_BUGREPORT ""
| #define PACKAGE_URL ""
| #define CONFIG_INCLUDED 1
| #define ___ALWAYS_TRUE___ 1
| #define XSB_VERSION "3.4.0 (Soy mILK)"
| #define RELEASE_DATE 2013-05-01
| #define RELEASE_YEAR 2013
| #define RELEASE_MONTH 5
| #define RELEASE_DAY 1
| #define LOCAL_EVAL 1
| #define GC 1
| #define SLG_GC 1
| #define STDC_HEADERS 1
| #define HAVE_SYS_TYPES_H 1
| #define HAVE_SYS_STAT_H 1
| #define HAVE_STDLIB_H 1
| #define HAVE_STRING_H 1
| #define HAVE_MEMORY_H 1
| #define HAVE_STRINGS_H 1
| #define HAVE_INTTYPES_H 1
| #define HAVE_STDINT_H 1
| #define HAVE_UNISTD_H 1
| /* end confdefs.h.  */
| #include <minix/config.h>
configure:4850: result: no
configure:4850: checking for minix/config.h
configure:4850: result: no
configure:4871: checking whether it is safe to define __EXTENSIONS__
configure:4889: gcc -c -g -O2  conftest.c >&5
configure:4889: $? = 0
configure:4896: result: yes
configure:4914: checking for gcc
configure:4930: found /usr/bin/gcc
configure:4942: result: yes
configure:4951: checking whether we are using SunPro C
configure:4962: gcc -c -g -O2  conftest.c >&5
conftest.c:36:2: error: #error Not a SunPro compiler :-(
conftest.c:37: error: expected identifier or '(' before '==' token
configure:4962: $? = 1
configure: failed program was:
| /* confdefs.h */
| #define PACKAGE_NAME ""
| #define PACKAGE_TARNAME ""
| #define PACKAGE_VERSION ""
| #define PACKAGE_STRING ""
| #define PACKAGE_BUGREPORT ""
| #define PACKAGE_URL ""
| #define CONFIG_INCLUDED 1
| #define ___ALWAYS_TRUE___ 1
| #define XSB_VERSION "3.4.0 (Soy mILK)"
| #define RELEASE_DATE 2013-05-01
| #define RELEASE_YEAR 2013
| #define RELEASE_MONTH 5
| #define RELEASE_DAY 1
| #define LOCAL_EVAL 1
| #define GC 1
| #define SLG_GC 1
| #define STDC_HEADERS 1
| #define HAVE_SYS_TYPES_H 1
| #define HAVE_SYS_STAT_H 1
| #define HAVE_STDLIB_H 1
| #define HAVE_STRING_H 1
| #define HAVE_MEMORY_H 1
| #define HAVE_STRINGS_H 1
| #define HAVE_INTTYPES_H 1
| #define HAVE_STDINT_H 1
| #define HAVE_UNISTD_H 1
| #define __EXTENSIONS__ 1
| #define _ALL_SOURCE 1
| #define _GNU_SOURCE 1
| #define _POSIX_PTHREAD_SEMANTICS 1
| #define _TANDEM_SOURCE 1
| /* end confdefs.h.  */
| 
| #ifndef __SUNPRO_C
| #error Not a  SunPro compiler :-(
| ******* ======= ******** &&&&&&&&
| #endif
| 
configure:4968: result: no
configure:5111: checking whether make sets $(MAKE)
configure:5133: result: yes
configure:5149: checking size of long int
configure:5154: gcc -o conftest -Wall -pipe -ansi -pedantic   conftest.c  >&5
configure:5154: $? = 0
configure:5154: ./conftest
configure:5154: $? = 0
configure:5168: result: 8
configure:5234: checking for main in -lm
configure:5253: gcc -o conftest -Wall -pipe -ansi -pedantic   conftest.c -lm   >&5
configure:5253: $? = 0
configure:5262: result: yes
configure:5277: checking for main in -ldl
configure:5296: gcc -o conftest -Wall -pipe -ansi -pedantic   conftest.c -ldl  -lm  >&5
configure:5296: $? = 0
configure:5305: result: yes
configure:5318: checking for main in -lnsl
configure:5337: gcc -o conftest -Wall -pipe -ansi -pedantic   conftest.c -lnsl  -ldl -lm  >&5
configure:5337: $? = 0
configure:5346: result: yes
configure:5359: checking for main in -lpthread
configure:5378: gcc -o conftest -Wall -pipe -ansi -pedantic   conftest.c -lpthread  -lnsl -ldl -lm  >&5
configure:5378: $? = 0
configure:5387: result: yes
configure:5400: checking for main in -lsocket
configure:5419: gcc -o conftest -Wall -pipe -ansi -pedantic   conftest.c -lsocket  -lpthread -lnsl -ldl -lm  >&5
/usr/bin/ld: cannot find -lsocket
collect2: ld returned 1 exit status
configure:5419: $? = 1
configure: failed program was:
| /* confdefs.h */
| #define PACKAGE_NAME ""
| #define PACKAGE_TARNAME ""
| #define PACKAGE_VERSION ""
| #define PACKAGE_STRING ""
| #define PACKAGE_BUGREPORT ""
| #define PACKAGE_URL ""
| #define CONFIG_INCLUDED 1
| #define ___ALWAYS_TRUE___ 1
| #define XSB_VERSION "3.4.0 (Soy mILK)"
| #define RELEASE_DATE 2013-05-01
| #define RELEASE_YEAR 2013
| #define RELEASE_MONTH 5
| #define RELEASE_DAY 1
| #define LOCAL_EVAL 1
| #define GC 1
| #define SLG_GC 1
| #define STDC_HEADERS 1
| #define HAVE_SYS_TYPES_H 1
| #define HAVE_SYS_STAT_H 1
| #define HAVE_STDLIB_H 1
| #define HAVE_STRING_H 1
| #define HAVE_MEMORY_H 1
| #define HAVE_STRINGS_H 1
| #define HAVE_INTTYPES_H 1
| #define HAVE_STDINT_H 1
| #define HAVE_UNISTD_H 1
| #define __EXTENSIONS__ 1
| #define _ALL_SOURCE 1
| #define _GNU_SOURCE 1
| #define _POSIX_PTHREAD_SEMANTICS 1
| #define _TANDEM_SOURCE 1
| #define CC "gcc"
| #define SIZEOF_LONG_INT 8
| #define BITS64 1
| #define HAVE_LIBM 1
| #define HAVE_LIBDL 1
| #define HAVE_LIBNSL 1
| #define HAVE_LIBPTHREAD 1
| /* end confdefs.h.  */
| 
| 
| int
| main ()
| {
| return main ();
|   ;
|   return 0;
| }
configure:5428: result: no
configure:5442: checking for readline in -lreadline
configure:5467: gcc -o conftest -Wall -pipe -ansi -pedantic   conftest.c -lreadline  -lpthread -lnsl -ldl -lm  >&5
configure:5467: $? = 0
configure:5476: result: yes
configure:5487: checking for sched_get_priority_max
configure:5487: gcc -o conftest -Wall -pipe -ansi -pedantic   conftest.c -lpthread -lnsl -ldl -lm  >&5
configure:5487: $? = 0
configure:5487: result: yes
configure:5536: checking stdarg.h usability
configure:5536: gcc -c -Wall -pipe -ansi -pedantic  conftest.c >&5
configure:5536: $? = 0
configure:5536: result: yes
configure:5536: checking stdarg.h presence
configure:5536: gcc -E  conftest.c
configure:5536: $? = 0
configure:5536: result: yes
configure:5536: checking for stdarg.h
configure:5536: result: yes
configure:5555: checking sys/time.h usability
configure:5555: gcc -c -Wall -pipe -ansi -pedantic  conftest.c >&5
configure:5555: $? = 0
configure:5555: result: yes
configure:5555: checking sys/time.h presence
configure:5555: gcc -E  conftest.c
configure:5555: $? = 0
configure:5555: result: yes
configure:5555: checking for sys/time.h
configure:5555: result: yes
configure:5566: checking whether time.h and sys/time.h may both be included
configure:5586: gcc -c -Wall -pipe -ansi -pedantic  conftest.c >&5
configure:5586: $? = 0
configure:5593: result: yes
configure:5604: checking sys/resource.h usability
configure:5604: gcc -c -Wall -pipe -ansi -pedantic  conftest.c >&5
configure:5604: $? = 0
configure:5604: result: yes
configure:5604: checking sys/resource.h presence
configure:5604: gcc -E  conftest.c
configure:5604: $? = 0
configure:5604: result: yes
configure:5604: checking for sys/resource.h
configure:5604: result: yes
configure:5621: checking for malloc
configure:5621: gcc -o conftest -Wall -pipe -ansi -pedantic   conftest.c -lpthread -lnsl -ldl -lm  >&5
conftest.c:69: warning: conflicting types for built-in function 'malloc'
configure:5621: $? = 0
configure:5621: result: yes
configure:5638: checking for unistd.h
configure:5638: result: yes
configure:5638: checking for string.h
configure:5638: result: yes
configure:5638: checking for stdlib.h
configure:5638: result: yes
configure:5656: checking for an ANSI C-conforming const
configure:5721: gcc -c -Wall -pipe -ansi -pedantic  conftest.c >&5
conftest.c: In function 'main':
conftest.c:79: warning: 't' is used uninitialized in this function
conftest.c:95: warning: 'b' may be used uninitialized in this function
configure:5721: $? = 0
configure:5728: result: yes
configure:5737: checking return type of signal handlers
configure:5755: gcc -c -Wall -pipe -ansi -pedantic  conftest.c >&5
conftest.c: In function 'main':
conftest.c:56: error: void value not ignored as it ought to be
configure:5755: $? = 1
configure: failed program was:
| /* confdefs.h */
| #define PACKAGE_NAME ""
| #define PACKAGE_TARNAME ""
| #define PACKAGE_VERSION ""
| #define PACKAGE_STRING ""
| #define PACKAGE_BUGREPORT ""
| #define PACKAGE_URL ""
| #define CONFIG_INCLUDED 1
| #define ___ALWAYS_TRUE___ 1
| #define XSB_VERSION "3.4.0 (Soy mILK)"
| #define RELEASE_DATE 2013-05-01
| #define RELEASE_YEAR 2013
| #define RELEASE_MONTH 5
| #define RELEASE_DAY 1
| #define LOCAL_EVAL 1
| #define GC 1
| #define SLG_GC 1
| #define STDC_HEADERS 1
| #define HAVE_SYS_TYPES_H 1
| #define HAVE_SYS_STAT_H 1
| #define HAVE_STDLIB_H 1
| #define HAVE_STRING_H 1
| #define HAVE_MEMORY_H 1
| #define HAVE_STRINGS_H 1
| #define HAVE_INTTYPES_H 1
| #define HAVE_STDINT_H 1
| #define HAVE_UNISTD_H 1
| #define __EXTENSIONS__ 1
| #define _ALL_SOURCE 1
| #define _GNU_SOURCE 1
| #define _POSIX_PTHREAD_SEMANTICS 1
| #define _TANDEM_SOURCE 1
| #define CC "gcc"
| #define SIZEOF_LONG_INT 8
| #define BITS64 1
| #define HAVE_LIBM 1
| #define HAVE_LIBDL 1
| #define HAVE_LIBNSL 1
| #define HAVE_LIBPTHREAD 1
| #define HAVE_READLINE 1
| #define HAVE_STDARG_H 1
| #define HAVE_SYS_TIME_H 1
| #define TIME_WITH_SYS_TIME 1
| #define HAVE_SYS_RESOURCE_H 1
| #define HAVE_MALLOC 1
| #define HAVE_UNISTD_H 1
| #define HAVE_STRING_H 1
| #define HAVE_STDLIB_H 1
| /* end confdefs.h.  */
| #include <sys/types.h>
| #include <signal.h>
| 
| int
| main ()
| {
| return *(signal (0, 0)) (0) == 1;
|   ;
|   return 0;
| }
configure:5762: result: void
configure:5773: checking for strdup
configure:5773: gcc -o conftest -Wall -pipe -ansi -pedantic   conftest.c -lpthread -lnsl -ldl -lm  >&5
configure:5773: $? = 0
configure:5773: result: yes
configure:5773: checking for mkdir
configure:5773: gcc -o conftest -Wall -pipe -ansi -pedantic   conftest.c -lpthread -lnsl -ldl -lm  >&5
configure:5773: $? = 0
configure:5773: result: yes
configure:5792: checking for gethostbyname
configure:5792: gcc -o conftest -Wall -pipe -ansi -pedantic   conftest.c -lpthread -lnsl -ldl -lm  >&5
configure:5792: $? = 0
configure:5792: result: yes
configure:5792: checking for gettimeofday
configure:5792: gcc -o conftest -Wall -pipe -ansi -pedantic   conftest.c -lpthread -lnsl -ldl -lm  >&5
configure:5792: $? = 0
configure:5792: result: yes
configure:5792: checking for socket
configure:5792: gcc -o conftest -Wall -pipe -ansi -pedantic   conftest.c -lpthread -lnsl -ldl -lm  >&5
configure:5792: $? = 0
configure:5792: result: yes
configure:5792: checking for snprintf
configure:5792: gcc -o conftest -Wall -pipe -ansi -pedantic   conftest.c -lpthread -lnsl -ldl -lm  >&5
configure:5792: $? = 0
configure:5792: result: yes
configure:5805: checking for regexec
configure:5805: gcc -o conftest -Wall -pipe -ansi -pedantic   conftest.c -lpthread -lnsl -ldl -lm  >&5
configure:5805: $? = 0
configure:5805: result: yes
configure:5805: checking for regerror
configure:5805: gcc -o conftest -Wall -pipe -ansi -pedantic   conftest.c -lpthread -lnsl -ldl -lm  >&5
configure:5805: $? = 0
configure:5805: result: yes
configure:5805: checking for regcomp
configure:5805: gcc -o conftest -Wall -pipe -ansi -pedantic   conftest.c -lpthread -lnsl -ldl -lm  >&5
configure:5805: $? = 0
configure:5805: result: yes
configure:5819: checking for fnmatch
configure:5819: gcc -o conftest -Wall -pipe -ansi -pedantic   conftest.c -lpthread -lnsl -ldl -lm  >&5
configure:5819: $? = 0
configure:5819: result: yes
configure:5819: checking for glob
configure:5819: gcc -o conftest -Wall -pipe -ansi -pedantic   conftest.c -lpthread -lnsl -ldl -lm  >&5
configure:5819: $? = 0
configure:5819: result: yes
configure:5819: checking for globfree
configure:5819: gcc -o conftest -Wall -pipe -ansi -pedantic   conftest.c -lpthread -lnsl -ldl -lm  >&5
configure:5819: $? = 0
configure:5819: result: yes
configure:5833: checking for execvp
configure:5833: gcc -o conftest -Wall -pipe -ansi -pedantic   conftest.c -lpthread -lnsl -ldl -lm  >&5
configure:5833: $? = 0
configure:5833: result: yes
configure:6038: checking for itkwish
configure:6070: result: no
configure:6114: checking whether loader understands -Wl,-export-dynamic
configure:6122: gcc -o conftest -Wall -pipe  -D_GNU_SOURCE  -Wl,-export-dynamic conftest.c  -lpthread -lnsl -ldl -lm  >&5
conftest.c:69: warning: return type defaults to 'int'
configure:6122: $? = 0
configure:6129: result: yes
configure:6346: checking for inline
configure:6362: gcc -c -Wall -pipe  -D_GNU_SOURCE  conftest.c >&5
configure:6362: $? = 0
configure:6370: result: inline
configure:6792: checking for javac
configure:6810: found /usr/bin/javac
configure:6823: result: /usr/bin/javac
configure:6863: checking jni.h usability
configure:6863: gcc -c  -O3 -fno-strict-aliasing  -Wall -pipe  -D_GNU_SOURCE  conftest.c >&5
conftest.c:106:17: error: jni.h: No such file or directory
configure:6863: $? = 1
configure: failed program was:
| /* confdefs.h */
| #define PACKAGE_NAME ""
| #define PACKAGE_TARNAME ""
| #define PACKAGE_VERSION ""
| #define PACKAGE_STRING ""
| #define PACKAGE_BUGREPORT ""
| #define PACKAGE_URL ""
| #define CONFIG_INCLUDED 1
| #define ___ALWAYS_TRUE___ 1
| #define XSB_VERSION "3.4.0 (Soy mILK)"
| #define RELEASE_DATE 2013-05-01
| #define RELEASE_YEAR 2013
| #define RELEASE_MONTH 5
| #define RELEASE_DAY 1
| #define LOCAL_EVAL 1
| #define GC 1
| #define SLG_GC 1
| #define STDC_HEADERS 1
| #define HAVE_SYS_TYPES_H 1
| #define HAVE_SYS_STAT_H 1
| #define HAVE_STDLIB_H 1
| #define HAVE_STRING_H 1
| #define HAVE_MEMORY_H 1
| #define HAVE_STRINGS_H 1
| #define HAVE_INTTYPES_H 1
| #define HAVE_STDINT_H 1
| #define HAVE_UNISTD_H 1
| #define __EXTENSIONS__ 1
| #define _ALL_SOURCE 1
| #define _GNU_SOURCE 1
| #define _POSIX_PTHREAD_SEMANTICS 1
| #define _TANDEM_SOURCE 1
| #define CC "gcc"
| #define SIZEOF_LONG_INT 8
| #define BITS64 1
| #define HAVE_LIBM 1
| #define HAVE_LIBDL 1
| #define HAVE_LIBNSL 1
| #define HAVE_LIBPTHREAD 1
| #define HAVE_READLINE 1
| #define HAVE_STDARG_H 1
| #define HAVE_SYS_TIME_H 1
| #define TIME_WITH_SYS_TIME 1
| #define HAVE_SYS_RESOURCE_H 1
| #define HAVE_MALLOC 1
| #define HAVE_UNISTD_H 1
| #define HAVE_STRING_H 1
| #define HAVE_STDLIB_H 1
| #define RETSIGTYPE void
| #define HAVE_STRDUP 1
| #define HAVE_MKDIR 1
| #define HAVE_GETHOSTBYNAME 1
| #define HAVE_GETTIMEOFDAY 1
| #define HAVE_SOCKET 1
| #define HAVE_SNPRINTF 1
| #define HAVE_REGEXEC 1
| #define HAVE_REGERROR 1
| #define HAVE_REGCOMP 1
| #define HAVE_FNMATCH 1
| #define HAVE_GLOB 1
| #define HAVE_GLOBFREE 1
| #define HAVE_EXECVP 1
| #define XSB_ODBC 1
| #define JUMPTABLE_EMULOOP 1
| #define INSN_BLOCKS 1
| #define MULTI_THREAD 1
| #define SHARED_COMPL_TABLES 1
| #define LINUX 1
| #define _GNU_SOURCE 1
| #define LINUX_ELF 1
| #define FOREIGN_ELF 1
| /* end confdefs.h.  */
| #include <stdio.h>
| #ifdef HAVE_SYS_TYPES_H
| # include <sys/types.h>
| #endif
| #ifdef HAVE_SYS_STAT_H
| # include <sys/stat.h>
| #endif
| #ifdef STDC_HEADERS
| # include <stdlib.h>
| # include <stddef.h>
| #else
| # ifdef HAVE_STDLIB_H
| #  include <stdlib.h>
| # endif
| #endif
| #ifdef HAVE_STRING_H
| # if !defined STDC_HEADERS && defined HAVE_MEMORY_H
| #  include <memory.h>
| # endif
| # include <string.h>
| #endif
| #ifdef HAVE_STRINGS_H
| # include <strings.h>
| #endif
| #ifdef HAVE_INTTYPES_H
| # include <inttypes.h>
| #endif
| #ifdef HAVE_STDINT_H
| # include <stdint.h>
| #endif
| #ifdef HAVE_UNISTD_H
| # include <unistd.h>
| #endif
| #include <jni.h>
configure:6863: result: no
configure:6863: checking jni.h presence
configure:6863: gcc -E  conftest.c
conftest.c:73:17: error: jni.h: No such file or directory
configure:6863: $? = 1
configure: failed program was:
| /* confdefs.h */
| #define PACKAGE_NAME ""
| #define PACKAGE_TARNAME ""
| #define PACKAGE_VERSION ""
| #define PACKAGE_STRING ""
| #define PACKAGE_BUGREPORT ""
| #define PACKAGE_URL ""
| #define CONFIG_INCLUDED 1
| #define ___ALWAYS_TRUE___ 1
| #define XSB_VERSION "3.4.0 (Soy mILK)"
| #define RELEASE_DATE 2013-05-01
| #define RELEASE_YEAR 2013
| #define RELEASE_MONTH 5
| #define RELEASE_DAY 1
| #define LOCAL_EVAL 1
| #define GC 1
| #define SLG_GC 1
| #define STDC_HEADERS 1
| #define HAVE_SYS_TYPES_H 1
| #define HAVE_SYS_STAT_H 1
| #define HAVE_STDLIB_H 1
| #define HAVE_STRING_H 1
| #define HAVE_MEMORY_H 1
| #define HAVE_STRINGS_H 1
| #define HAVE_INTTYPES_H 1
| #define HAVE_STDINT_H 1
| #define HAVE_UNISTD_H 1
| #define __EXTENSIONS__ 1
| #define _ALL_SOURCE 1
| #define _GNU_SOURCE 1
| #define _POSIX_PTHREAD_SEMANTICS 1
| #define _TANDEM_SOURCE 1
| #define CC "gcc"
| #define SIZEOF_LONG_INT 8
| #define BITS64 1
| #define HAVE_LIBM 1
| #define HAVE_LIBDL 1
| #define HAVE_LIBNSL 1
| #define HAVE_LIBPTHREAD 1
| #define HAVE_READLINE 1
| #define HAVE_STDARG_H 1
| #define HAVE_SYS_TIME_H 1
| #define TIME_WITH_SYS_TIME 1
| #define HAVE_SYS_RESOURCE_H 1
| #define HAVE_MALLOC 1
| #define HAVE_UNISTD_H 1
| #define HAVE_STRING_H 1
| #define HAVE_STDLIB_H 1
| #define RETSIGTYPE void
| #define HAVE_STRDUP 1
| #define HAVE_MKDIR 1
| #define HAVE_GETHOSTBYNAME 1
| #define HAVE_GETTIMEOFDAY 1
| #define HAVE_SOCKET 1
| #define HAVE_SNPRINTF 1
| #define HAVE_REGEXEC 1
| #define HAVE_REGERROR 1
| #define HAVE_REGCOMP 1
| #define HAVE_FNMATCH 1
| #define HAVE_GLOB 1
| #define HAVE_GLOBFREE 1
| #define HAVE_EXECVP 1
| #define XSB_ODBC 1
| #define JUMPTABLE_EMULOOP 1
| #define INSN_BLOCKS 1
| #define MULTI_THREAD 1
| #define SHARED_COMPL_TABLES 1
| #define LINUX 1
| #define _GNU_SOURCE 1
| #define LINUX_ELF 1
| #define FOREIGN_ELF 1
| /* end confdefs.h.  */
| #include <jni.h>
configure:6863: result: no
configure:6863: checking for jni.h
configure:6863: result: no
configure:6863: checking jni_md.h usability
configure:6863: gcc -c  -O3 -fno-strict-aliasing  -Wall -pipe  -D_GNU_SOURCE  conftest.c >&5
conftest.c:106:20: error: jni_md.h: No such file or directory
configure:6863: $? = 1
configure: failed program was:
| /* confdefs.h */
| #define PACKAGE_NAME ""
| #define PACKAGE_TARNAME ""
| #define PACKAGE_VERSION ""
| #define PACKAGE_STRING ""
| #define PACKAGE_BUGREPORT ""
| #define PACKAGE_URL ""
| #define CONFIG_INCLUDED 1
| #define ___ALWAYS_TRUE___ 1
| #define XSB_VERSION "3.4.0 (Soy mILK)"
| #define RELEASE_DATE 2013-05-01
| #define RELEASE_YEAR 2013
| #define RELEASE_MONTH 5
| #define RELEASE_DAY 1
| #define LOCAL_EVAL 1
| #define GC 1
| #define SLG_GC 1
| #define STDC_HEADERS 1
| #define HAVE_SYS_TYPES_H 1
| #define HAVE_SYS_STAT_H 1
| #define HAVE_STDLIB_H 1
| #define HAVE_STRING_H 1
| #define HAVE_MEMORY_H 1
| #define HAVE_STRINGS_H 1
| #define HAVE_INTTYPES_H 1
| #define HAVE_STDINT_H 1
| #define HAVE_UNISTD_H 1
| #define __EXTENSIONS__ 1
| #define _ALL_SOURCE 1
| #define _GNU_SOURCE 1
| #define _POSIX_PTHREAD_SEMANTICS 1
| #define _TANDEM_SOURCE 1
| #define CC "gcc"
| #define SIZEOF_LONG_INT 8
| #define BITS64 1
| #define HAVE_LIBM 1
| #define HAVE_LIBDL 1
| #define HAVE_LIBNSL 1
| #define HAVE_LIBPTHREAD 1
| #define HAVE_READLINE 1
| #define HAVE_STDARG_H 1
| #define HAVE_SYS_TIME_H 1
| #define TIME_WITH_SYS_TIME 1
| #define HAVE_SYS_RESOURCE_H 1
| #define HAVE_MALLOC 1
| #define HAVE_UNISTD_H 1
| #define HAVE_STRING_H 1
| #define HAVE_STDLIB_H 1
| #define RETSIGTYPE void
| #define HAVE_STRDUP 1
| #define HAVE_MKDIR 1
| #define HAVE_GETHOSTBYNAME 1
| #define HAVE_GETTIMEOFDAY 1
| #define HAVE_SOCKET 1
| #define HAVE_SNPRINTF 1
| #define HAVE_REGEXEC 1
| #define HAVE_REGERROR 1
| #define HAVE_REGCOMP 1
| #define HAVE_FNMATCH 1
| #define HAVE_GLOB 1
| #define HAVE_GLOBFREE 1
| #define HAVE_EXECVP 1
| #define XSB_ODBC 1
| #define JUMPTABLE_EMULOOP 1
| #define INSN_BLOCKS 1
| #define MULTI_THREAD 1
| #define SHARED_COMPL_TABLES 1
| #define LINUX 1
| #define _GNU_SOURCE 1
| #define LINUX_ELF 1
| #define FOREIGN_ELF 1
| /* end confdefs.h.  */
| #include <stdio.h>
| #ifdef HAVE_SYS_TYPES_H
| # include <sys/types.h>
| #endif
| #ifdef HAVE_SYS_STAT_H
| # include <sys/stat.h>
| #endif
| #ifdef STDC_HEADERS
| # include <stdlib.h>
| # include <stddef.h>
| #else
| # ifdef HAVE_STDLIB_H
| #  include <stdlib.h>
| # endif
| #endif
| #ifdef HAVE_STRING_H
| # if !defined STDC_HEADERS && defined HAVE_MEMORY_H
| #  include <memory.h>
| # endif
| # include <string.h>
| #endif
| #ifdef HAVE_STRINGS_H
| # include <strings.h>
| #endif
| #ifdef HAVE_INTTYPES_H
| # include <inttypes.h>
| #endif
| #ifdef HAVE_STDINT_H
| # include <stdint.h>
| #endif
| #ifdef HAVE_UNISTD_H
| # include <unistd.h>
| #endif
| #include <jni_md.h>
configure:6863: result: no
configure:6863: checking jni_md.h presence
configure:6863: gcc -E  conftest.c
conftest.c:73:20: error: jni_md.h: No such file or directory
configure:6863: $? = 1
configure: failed program was:
| /* confdefs.h */
| #define PACKAGE_NAME ""
| #define PACKAGE_TARNAME ""
| #define PACKAGE_VERSION ""
| #define PACKAGE_STRING ""
| #define PACKAGE_BUGREPORT ""
| #define PACKAGE_URL ""
| #define CONFIG_INCLUDED 1
| #define ___ALWAYS_TRUE___ 1
| #define XSB_VERSION "3.4.0 (Soy mILK)"
| #define RELEASE_DATE 2013-05-01
| #define RELEASE_YEAR 2013
| #define RELEASE_MONTH 5
| #define RELEASE_DAY 1
| #define LOCAL_EVAL 1
| #define GC 1
| #define SLG_GC 1
| #define STDC_HEADERS 1
| #define HAVE_SYS_TYPES_H 1
| #define HAVE_SYS_STAT_H 1
| #define HAVE_STDLIB_H 1
| #define HAVE_STRING_H 1
| #define HAVE_MEMORY_H 1
| #define HAVE_STRINGS_H 1
| #define HAVE_INTTYPES_H 1
| #define HAVE_STDINT_H 1
| #define HAVE_UNISTD_H 1
| #define __EXTENSIONS__ 1
| #define _ALL_SOURCE 1
| #define _GNU_SOURCE 1
| #define _POSIX_PTHREAD_SEMANTICS 1
| #define _TANDEM_SOURCE 1
| #define CC "gcc"
| #define SIZEOF_LONG_INT 8
| #define BITS64 1
| #define HAVE_LIBM 1
| #define HAVE_LIBDL 1
| #define HAVE_LIBNSL 1
| #define HAVE_LIBPTHREAD 1
| #define HAVE_READLINE 1
| #define HAVE_STDARG_H 1
| #define HAVE_SYS_TIME_H 1
| #define TIME_WITH_SYS_TIME 1
| #define HAVE_SYS_RESOURCE_H 1
| #define HAVE_MALLOC 1
| #define HAVE_UNISTD_H 1
| #define HAVE_STRING_H 1
| #define HAVE_STDLIB_H 1
| #define RETSIGTYPE void
| #define HAVE_STRDUP 1
| #define HAVE_MKDIR 1
| #define HAVE_GETHOSTBYNAME 1
| #define HAVE_GETTIMEOFDAY 1
| #define HAVE_SOCKET 1
| #define HAVE_SNPRINTF 1
| #define HAVE_REGEXEC 1
| #define HAVE_REGERROR 1
| #define HAVE_REGCOMP 1
| #define HAVE_FNMATCH 1
| #define HAVE_GLOB 1
| #define HAVE_GLOBFREE 1
| #define HAVE_EXECVP 1
| #define XSB_ODBC 1
| #define JUMPTABLE_EMULOOP 1
| #define INSN_BLOCKS 1
| #define MULTI_THREAD 1
| #define SHARED_COMPL_TABLES 1
| #define LINUX 1
| #define _GNU_SOURCE 1
| #define LINUX_ELF 1
| #define FOREIGN_ELF 1
| /* end confdefs.h.  */
| #include <jni_md.h>
configure:6863: result: no
configure:6863: checking for jni_md.h
configure:6863: result: no
configure:7121: creating ./config.status

## ---------------------- ##
## Running config.status. ##
## ---------------------- ##

This file was extended by config.status, which was
generated by GNU Autoconf 2.67.  Invocation command line was

  CONFIG_FILES    = 
  CONFIG_HEADERS  = 
  CONFIG_LINKS    = 
  CONFIG_COMMANDS = 
  $ ./config.status 

on quicklog.cs.wisc.edu

config.status:969: creating /afs/cs.wisc.edu/u/j/i/jianqiao/Desktop/code/XSB/config/x86_64-unknown-linux-gnu-mt/topMakefile
config.status:969: creating /afs/cs.wisc.edu/u/j/i/jianqiao/Desktop/code/XSB/config/x86_64-unknown-linux-gnu-mt/emuMakefile
config.status:969: creating /afs/cs.wisc.edu/u/j/i/jianqiao/Desktop/code/XSB/config/x86_64-unknown-linux-gnu-mt/modMakefile
config.status:969: creating /afs/cs.wisc.edu/u/j/i/jianqiao/Desktop/code/XSB/config/x86_64-unknown-linux-gnu-mt/gppMakefile
config.status:969: creating /afs/cs.wisc.edu/u/j/i/jianqiao/Desktop/code/XSB/config/x86_64-unknown-linux-gnu-mt/smoMakefile
config.status:969: creating /afs/cs.wisc.edu/u/j/i/jianqiao/Desktop/code/XSB/config/x86_64-unknown-linux-gnu-mt/makedef.sh
config.status:969: creating /afs/cs.wisc.edu/u/j/i/jianqiao/Desktop/code/XSB/config/x86_64-unknown-linux-gnu-mt/lib/xsb_configuration.P
config.status:969: creating windows/xsb_configuration.P
config.status:969: creating windows64/xsb_configuration.P
config.status:969: creating makexsb
config.status:969: creating /afs/cs.wisc.edu/u/j/i/jianqiao/Desktop/code/XSB/bin/chr_pp-mt
config.status:969: creating /afs/cs.wisc.edu/u/j/i/jianqiao/Desktop/code/XSB/bin/xsb-mt
config.status:969: creating /afs/cs.wisc.edu/u/j/i/jianqiao/Desktop/code/XSB/config/x86_64-unknown-linux-gnu-mt/banner.msg
config.status:969: creating windows/banner.msg
config.status:969: creating windows64/banner.msg
config.status:969: creating windows/MSVC_mkfile.mak
config.status:969: creating windows64/MSVC_mkfile.mak
config.status:969: creating /afs/cs.wisc.edu/u/j/i/jianqiao/Desktop/code/XSB/packages/xmc/xmc-gui
config.status:969: creating /afs/cs.wisc.edu/u/j/i/jianqiao/Desktop/code/XSB/config/x86_64-unknown-linux-gnu-mt/xsb_config.h
config.status:1143: /afs/cs.wisc.edu/u/j/i/jianqiao/Desktop/code/XSB/config/x86_64-unknown-linux-gnu-mt/xsb_config.h is unchanged
config.status:969: creating windows/xsb_config.h
config.status:1143: windows/xsb_config.h is unchanged
config.status:969: creating windows/xsb_debug.h
config.status:1143: windows/xsb_debug.h is unchanged
config.status:969: creating windows64/xsb_config.h
config.status:1143: windows64/xsb_config.h is unchanged
config.status:969: creating windows64/xsb_debug.h
config.status:1143: windows64/xsb_debug.h is unchanged
config.status:969: creating /afs/cs.wisc.edu/u/j/i/jianqiao/Desktop/code/XSB/config/x86_64-unknown-linux-gnu-mt/xsb_debug.h
config.status:1143: /afs/cs.wisc.edu/u/j/i/jianqiao/Desktop/code/XSB/config/x86_64-unknown-linux-gnu-mt/xsb_debug.h is unchanged

## ---------------- ##
## Cache variables. ##
## ---------------- ##

ac_cv_build=x86_64-unknown-linux-gnu
ac_cv_c_compiler_gnu=yes
ac_cv_c_const=yes
ac_cv_c_inline=inline
ac_cv_env_CCC_set=
ac_cv_env_CCC_value=
ac_cv_env_CC_set=
ac_cv_env_CC_value=
ac_cv_env_CFLAGS_set=
ac_cv_env_CFLAGS_value=
ac_cv_env_CPPFLAGS_set=
ac_cv_env_CPPFLAGS_value=
ac_cv_env_CPP_set=
ac_cv_env_CPP_value=
ac_cv_env_CXXFLAGS_set=
ac_cv_env_CXXFLAGS_value=
ac_cv_env_CXX_set=
ac_cv_env_CXX_value=
ac_cv_env_LDFLAGS_set=
ac_cv_env_LDFLAGS_value=
ac_cv_env_LIBS_set=
ac_cv_env_LIBS_value=
ac_cv_env_build_alias_set=
ac_cv_env_build_alias_value=
ac_cv_env_host_alias_set=
ac_cv_env_host_alias_value=
ac_cv_env_target_alias_set=
ac_cv_env_target_alias_value=
ac_cv_func_execvp=yes
ac_cv_func_fnmatch=yes
ac_cv_func_gethostbyname=yes
ac_cv_func_gettimeofday=yes
ac_cv_func_glob=yes
ac_cv_func_globfree=yes
ac_cv_func_malloc=yes
ac_cv_func_mkdir=yes
ac_cv_func_regcomp=yes
ac_cv_func_regerror=yes
ac_cv_func_regexec=yes
ac_cv_func_sched_get_priority_max=yes
ac_cv_func_snprintf=yes
ac_cv_func_socket=yes
ac_cv_func_strdup=yes
ac_cv_header_inttypes_h=yes
ac_cv_header_jni_h=no
ac_cv_header_jni_md_h=no
ac_cv_header_memory_h=yes
ac_cv_header_minix_config_h=no
ac_cv_header_stdarg_h=yes
ac_cv_header_stdc=yes
ac_cv_header_stdint_h=yes
ac_cv_header_stdlib_h=yes
ac_cv_header_string_h=yes
ac_cv_header_strings_h=yes
ac_cv_header_sys_resource_h=yes
ac_cv_header_sys_stat_h=yes
ac_cv_header_sys_time_h=yes
ac_cv_header_sys_types_h=yes
ac_cv_header_time=yes
ac_cv_header_unistd_h=yes
ac_cv_host=x86_64-unknown-linux-gnu
ac_cv_lib_dl_main=yes
ac_cv_lib_m_main=yes
ac_cv_lib_nsl_main=yes
ac_cv_lib_pthread_main=yes
ac_cv_lib_readline_readline=yes
ac_cv_lib_socket_main=no
ac_cv_objext=o
ac_cv_path_EGREP='/bin/grep -E'
ac_cv_path_GREP=/bin/grep
ac_cv_path_install='/usr/bin/install -c'
ac_cv_path_itkwish_path=no
ac_cv_path_java_path=/usr/bin/javac
ac_cv_prog_CPP='gcc -E'
ac_cv_prog_ac_ct_CC=gcc
ac_cv_prog_cc_c89=
ac_cv_prog_cc_g=yes
ac_cv_prog_has_gcc=yes
ac_cv_prog_make_make_set=yes
ac_cv_safe_to_define___extensions__=yes
ac_cv_sizeof_long_int=8
ac_cv_type_signal=void

## ----------------- ##
## Output variables. ##
## ----------------- ##

CC='gcc'
CFLAGS=' -O3 -fno-strict-aliasing  -Wall -pipe  -D_GNU_SOURCE'
CPP='gcc -E'
CPPFLAGS=''
CROSS_SIMULATOR=''
CXX=''
CXXFLAGS=''
DEFS='-DHAVE_CONFIG_H'
DLLTYPE='nodll'
DYNMOD_LDFLAGS='-shared'
DYNMOD_SHAREDLIB_EXTENSION='so'
ECHO_C=''
ECHO_N='-n'
ECHO_T=''
EGREP='/bin/grep -E'
EXEEXT=''
GPPCFLAGS=''
GPPWNTFLAG=''
GREP='/bin/grep'
INSTALL_DATA='${INSTALL} -m 644'
INSTALL_PROGRAM='${INSTALL}'
INSTALL_SCRIPT='${INSTALL}'
INTERPROLOGOBJ=''
INTERPROLOGSRC=''
JAVA_HEADER_PATH=''
JAVA_PLATFORM_HEADER_PATH=''
LD='gcc'
LDFLAGS=' -L/usr/local/lib -lodbc  -lpthread -lm -ldl -Wl,-export-dynamic -lpthread'
LIBOBJS=''
LIBS=' -lpthread -lnsl -ldl -lm '
LTLIBOBJS=''
MEMFLAG=''
OBJEXT='o'
ODBCOBJ='odbc_xsb.o'
ODBCSRC='odbc_xsb.c'
ODBC_CFLAGS='-DHAVE_UNISTD_H -DHAVE_PWD_H -DHAVE_SYS_TYPES_H -DHAVE_LONG_LONG -DSIZEOF_LONG_INT=8 -I/usr/local/include '
PACKAGE_BUGREPORT=''
PACKAGE_NAME=''
PACKAGE_STRING=''
PACKAGE_TARNAME=''
PACKAGE_URL=''
PACKAGE_VERSION=''
PATH_SEPARATOR=':'
SET_MAKE=''
SHELL='/bin/sh'
XASPDEFFILE=''
XASPLIBNAME=''
XSBMOD_LDFLAGS=' -L/usr/local/lib -lodbc -nodefaultlibs -nostartfiles '
XSB_INTERPROLOG=''
ac_ct_CC='gcc'
ac_ct_CXX=''
arch_bindir='/afs/cs.wisc.edu/u/j/i/jianqiao/Desktop/code/XSB/config/x86_64-unknown-linux-gnu-mt/bin'
arch_config_file='/afs/cs.wisc.edu/u/j/i/jianqiao/Desktop/code/XSB/config/x86_64-unknown-linux-gnu-mt/lib/xsb_configuration.P'
arch_config_prefix='/afs/cs.wisc.edu/u/j/i/jianqiao/Desktop/code/XSB/config/x86_64-unknown-linux-gnu-mt'
arch_install_config_prefix='/afs/cs.wisc.edu/u/j/i/jianqiao/Desktop/code/XSB/config/x86_64-unknown-linux-gnu-mt'
bindir='${exec_prefix}/bin'
build='x86_64-unknown-linux-gnu'
build_alias=''
build_cpu='x86_64'
build_os='linux-gnu'
build_vendor='unknown'
builtinsCFLAGS=' -O3 -fno-strict-aliasing  -Wall -pipe  -D_GNU_SOURCE'
canonical='x86_64-unknown-linux-gnu'
compile_mode='optimal'
config_ln_command='ln -s '
config_tag='-mt'
datadir='${datarootdir}'
datarootdir='${prefix}/share'
docdir='${datarootdir}/doc/${PACKAGE}'
dvidir='${docdir}'
emuloopCFLAGS=' -O3 -fno-strict-aliasing  -Wall -pipe  -D_GNU_SOURCE'
emumake_goal='xsb'
engine_mode='multi-threading'
exec_prefix='${prefix}'
full_config_name='x86_64-unknown-linux-gnu-mt'
has_gcc='yes'
host='x86_64-unknown-linux-gnu'
host_alias=''
host_cpu='x86_64'
host_os='linux-gnu'
host_vendor='unknown'
htmldir='${docdir}'
includedir='${prefix}/include'
infodir='${datarootdir}/info'
itkwish_path='no'
java_compiler='/usr/bin/javac'
java_path='/usr/include'
libdir='/afs/cs.wisc.edu/u/j/i/jianqiao/Desktop/code/XSB/lib'
libexecdir='${exec_prefix}/libexec'
loaderCFLAGS=' -O3 -fno-strict-aliasing  -Wall -pipe  -D_GNU_SOURCE'
localedir='${datarootdir}/locale'
localstatedir='${prefix}/var'
mandir='${datarootdir}/man'
mno_cyg_inclib=''
mno_cyg_lib=''
mt_mode=''
oldincludedir='/usr/include'
os_type='linux-gnu'
os_version=''
pdfdir='${docdir}'
prefix='/afs/cs.wisc.edu/u/j/i/jianqiao/Desktop/code/XSB'
program_transform_name='s,x,x,'
psdir='${docdir}'
regmatch_support='yes'
release_day='1'
release_month='5'
release_monthname='May'
release_year='2013'
sbindir='${exec_prefix}/sbin'
sharedstatedir='${prefix}/com'
site_prefix='/afs/cs.wisc.edu/u/j/i/jianqiao/Desktop/code/XSB/site'
smoCFLAGS=''
smoLDFLAGS=''
smoLIB=''
smodels_goal='nope'
sysconfdir='${prefix}/etc'
target_alias=''
topdir='/afs/cs.wisc.edu/u/j/i/jianqiao/Desktop/code/XSB'
trutilsCFLAGS=' -O3 -fno-strict-aliasing  -Wall -pipe  -D_GNU_SOURCE'
wildmatch_support='yes'
with_smodels=''
word_size='64'
xsb_beta_version=''
xsb_build_date='Mon Sep 15 09:56:20 CDT 2014'
xsb_codename='Soy mILK'
xsb_full_version_name='3.4.0 (Soy mILK)'
xsb_major_version='3'
xsb_minor_version='4'
xsb_obj_extension='.xwam'
xsb_patch_date='Patch date: 2013/05/02 17:42:32'
xsb_patch_version='0'
xsb_release_date='2013-05-01'
xsb_scheduling_strategy='local'
xsb_version='3.4.0'

## ----------- ##
## confdefs.h. ##
## ----------- ##

/* confdefs.h */
#define PACKAGE_NAME ""
#define PACKAGE_TARNAME ""
#define PACKAGE_VERSION ""
#define PACKAGE_STRING ""
#define PACKAGE_BUGREPORT ""
#define PACKAGE_URL ""
#define CONFIG_INCLUDED 1
#define ___ALWAYS_TRUE___ 1
#define XSB_VERSION "3.4.0 (Soy mILK)"
#define RELEASE_DATE 2013-05-01
#define RELEASE_YEAR 2013
#define RELEASE_MONTH 5
#define RELEASE_DAY 1
#define LOCAL_EVAL 1
#define GC 1
#define SLG_GC 1
#define STDC_HEADERS 1
#define HAVE_SYS_TYPES_H 1
#define HAVE_SYS_STAT_H 1
#define HAVE_STDLIB_H 1
#define HAVE_STRING_H 1
#define HAVE_MEMORY_H 1
#define HAVE_STRINGS_H 1
#define HAVE_INTTYPES_H 1
#define HAVE_STDINT_H 1
#define HAVE_UNISTD_H 1
#define __EXTENSIONS__ 1
#define _ALL_SOURCE 1
#define _GNU_SOURCE 1
#define _POSIX_PTHREAD_SEMANTICS 1
#define _TANDEM_SOURCE 1
#define CC "gcc"
#define SIZEOF_LONG_INT 8
#define BITS64 1
#define HAVE_LIBM 1
#define HAVE_LIBDL 1
#define HAVE_LIBNSL 1
#define HAVE_LIBPTHREAD 1
#define HAVE_READLINE 1
#define HAVE_STDARG_H 1
#define HAVE_SYS_TIME_H 1
#define TIME_WITH_SYS_TIME 1
#define HAVE_SYS_RESOURCE_H 1
#define HAVE_MALLOC 1
#define HAVE_UNISTD_H 1
#define HAVE_STRING_H 1
#define HAVE_STDLIB_H 1
#define RETSIGTYPE void
#define HAVE_STRDUP 1
#define HAVE_MKDIR 1
#define HAVE_GETHOSTBYNAME 1
#define HAVE_GETTIMEOFDAY 1
#define HAVE_SOCKET 1
#define HAVE_SNPRINTF 1
#define HAVE_REGEXEC 1
#define HAVE_REGERROR 1
#define HAVE_REGCOMP 1
#define HAVE_FNMATCH 1
#define HAVE_GLOB 1
#define HAVE_GLOBFREE 1
#define HAVE_EXECVP 1
#define XSB_ODBC 1
#define JUMPTABLE_EMULOOP 1
#define INSN_BLOCKS 1
#define MULTI_THREAD 1
#define SHARED_COMPL_TABLES 1
#define LINUX 1
#define _GNU_SOURCE 1
#define LINUX_ELF 1
#define FOREIGN_ELF 1
#define CONFIGURATION "x86_64-unknown-linux-gnu"
#define FULL_CONFIG_NAME "x86_64-unknown-linux-gnu-mt"

configure: exit 0
